Determining if the pthread_create exist failed with the following output:
Change Dir: /home/tianbot/chiang_xarm_ws/build/xarm_gripper/CMakeFiles/CMakeTmp

Run Build Command:"/usr/bin/make" "cmTC_f8752/fast"
/usr/bin/make -f CMakeFiles/cmTC_f8752.dir/build.make CMakeFiles/cmTC_f8752.dir/build
make[1]: 进入目录“/home/tianbot/chiang_xarm_ws/build/xarm_gripper/CMakeFiles/CMakeTmp”
Building C object CMakeFiles/cmTC_f8752.dir/CheckSymbolExists.c.o
/usr/bin/cc    -o CMakeFiles/cmTC_f8752.dir/CheckSymbolExists.c.o   -c /home/tianbot/chiang_xarm_ws/build/xarm_gripper/CMakeFiles/CMakeTmp/CheckSymbolExists.c
Linking C executable cmTC_f8752
/usr/bin/cmake -E cmake_link_script CMakeFiles/cmTC_f8752.dir/link.txt --verbose=1
/usr/bin/cc      -rdynamic CMakeFiles/cmTC_f8752.dir/CheckSymbolExists.c.o  -o cmTC_f8752 
CMakeFiles/cmTC_f8752.dir/CheckSymbolExists.c.o：在函数‘main’中：
CheckSymbolExists.c:(.text+0x1b)：对‘pthread_create’未定义的引用
collect2: error: ld returned 1 exit status
CMakeFiles/cmTC_f8752.dir/build.make:97: recipe for target 'cmTC_f8752' failed
make[1]: *** [cmTC_f8752] Error 1
make[1]: 离开目录“/home/tianbot/chiang_xarm_ws/build/xarm_gripper/CMakeFiles/CMakeTmp”
Makefile:126: recipe for target 'cmTC_f8752/fast' failed
make: *** [cmTC_f8752/fast] Error 2

File /home/tianbot/chiang_xarm_ws/build/xarm_gripper/CMakeFiles/CMakeTmp/CheckSymbolExists.c:
/* */
#include <pthread.h>

int main(int argc, char** argv)
{
  (void)argv;
#ifndef pthread_create
  return ((int*)(&pthread_create))[argc];
#else
  (void)argc;
  return 0;
#endif
}

Determining if the function pthread_create exists in the pthreads failed with the following output:
Change Dir: /home/tianbot/chiang_xarm_ws/build/xarm_gripper/CMakeFiles/CMakeTmp

Run Build Command:"/usr/bin/make" "cmTC_fa7fd/fast"
/usr/bin/make -f CMakeFiles/cmTC_fa7fd.dir/build.make CMakeFiles/cmTC_fa7fd.dir/build
make[1]: 进入目录“/home/tianbot/chiang_xarm_ws/build/xarm_gripper/CMakeFiles/CMakeTmp”
Building C object CMakeFiles/cmTC_fa7fd.dir/CheckFunctionExists.c.o
/usr/bin/cc   -DCHECK_FUNCTION_EXISTS=pthread_create   -o CMakeFiles/cmTC_fa7fd.dir/CheckFunctionExists.c.o   -c /usr/share/cmake-3.10/Modules/CheckFunctionExists.c
Linking C executable cmTC_fa7fd
/usr/bin/cmake -E cmake_link_script CMakeFiles/cmTC_fa7fd.dir/link.txt --verbose=1
/usr/bin/cc  -DCHECK_FUNCTION_EXISTS=pthread_create    -rdynamic CMakeFiles/cmTC_fa7fd.dir/CheckFunctionExists.c.o  -o cmTC_fa7fd -lpthreads 
/usr/bin/ld: 找不到 -lpthreads
collect2: error: ld returned 1 exit status
CMakeFiles/cmTC_fa7fd.dir/build.make:97: recipe for target 'cmTC_fa7fd' failed
make[1]: *** [cmTC_fa7fd] Error 1
make[1]: 离开目录“/home/tianbot/chiang_xarm_ws/build/xarm_gripper/CMakeFiles/CMakeTmp”
Makefile:126: recipe for target 'cmTC_fa7fd/fast' failed
make: *** [cmTC_fa7fd/fast] Error 2


