[01m[K/home/tianbot/chiang_xarm_ws/src/xarm_ros/my_xarm6/src/movegroup_test.cpp:[m[K In function ‘[01m[Kint main(int, char**)[m[K’:
[01m[K/home/tianbot/chiang_xarm_ws/src/xarm_ros/my_xarm6/src/movegroup_test.cpp:52:29:[m[K [01;31m[Kerror: [m[Kuse of deleted function ‘[01m[Kmoveit::planning_interface::MoveGroupInterface::MoveGroupInterface(const moveit::planning_interface::MoveGroupInterface&)[m[K’
 bool HOME=go_home(move_group[01;31m[K)[m[K;
                             [01;31m[K^[m[K
In file included from [01m[K/home/tianbot/chiang_xarm_ws/src/xarm_ros/my_xarm6/src/movegroup_test.cpp:1:0[m[K:
[01m[K/opt/ros/melodic/include/moveit/move_group_interface/move_group_interface.h:177:3:[m[K [01;36m[Knote: [m[Kdeclared here
   [01;36m[KMoveGroupInterface[m[K(const MoveGroupInterface&) = delete;
   [01;36m[K^~~~~~~~~~~~~~~~~~[m[K
[01m[K/home/tianbot/chiang_xarm_ws/src/xarm_ros/my_xarm6/src/movegroup_test.cpp:12:5:[m[K [01;36m[Knote: [m[K  initializing argument 1 of ‘[01m[Kint go_home(moveit::planning_interface::MoveGroupInterface)[m[K’
 int [01;36m[Kgo_home[m[K(moveit::planning_interface::MoveGroupInterface move_group);
     [01;36m[K^~~~~~~[m[K
In file included from [01m[K/opt/ros/melodic/include/ros/ros.h:40:0[m[K,
                 from [01m[K/opt/ros/melodic/include/urdf/model.h:50[m[K,
                 from [01m[K/opt/ros/melodic/include/moveit/robot_model/robot_model.h:43[m[K,
                 from [01m[K/opt/ros/melodic/include/moveit/robot_state/robot_state.h:41[m[K,
                 from [01m[K/opt/ros/melodic/include/moveit/move_group_interface/move_group_interface.h:42[m[K,
                 from [01m[K/home/tianbot/chiang_xarm_ws/src/xarm_ros/my_xarm6/src/movegroup_test.cpp:1[m[K:
[01m[K/home/tianbot/chiang_xarm_ws/src/xarm_ros/my_xarm6/src/movegroup_test.cpp:[m[K In function ‘[01m[Kint go_home(moveit::planning_interface::MoveGroupInterface)[m[K’:
[01m[K/opt/ros/melodic/include/ros/console.h:348:176:[m[K [01;31m[Kerror: [m[Kexpected ‘[01m[K:[m[K’ before ‘[01m[K)[m[K’ token
     ::ros::console::print(filter, __rosconsole_define_location__loc.logger_, __rosconsole_define_location__loc.level_, __FILE__, __LINE__, __ROSCONSOLE_FUNCTION__, __VA_ARGS__[01;31m[K)[m[K
                                                                                                                                                                                [01;31m[K^[m[K
[01m[K/opt/ros/melodic/include/ros/console.h:351:5:[m[K [01;36m[Knote: [m[Kin expansion of macro ‘[01m[KROSCONSOLE_PRINT_AT_LOCATION_WITH_FILTER[m[K’
     [01;36m[KROSCONSOLE_PRINT_AT_LOCATION_WITH_FILTER[m[K(NULL, __VA_ARGS__)
     [01;36m[K^~~~~~~~~~~~~~~~~~~~~~~~~~~~~~~~~~~~~~~~[m[K
[01m[K/opt/ros/melodic/include/ros/console.h:387:7:[m[K [01;36m[Knote: [m[Kin expansion of macro ‘[01m[KROSCONSOLE_PRINT_AT_LOCATION[m[K’
       [01;36m[KROSCONSOLE_PRINT_AT_LOCATION[m[K(__VA_ARGS__); \
       [01;36m[K^~~~~~~~~~~~~~~~~~~~~~~~~~~~[m[K
[01m[K/opt/ros/melodic/include/ros/console.h:572:35:[m[K [01;36m[Knote: [m[Kin expansion of macro ‘[01m[KROS_LOG_COND[m[K’
 #define ROS_LOG(level, name, ...) [01;36m[KROS_LOG_COND[m[K(true, level, name, __VA_ARGS__)
                                   [01;36m[K^~~~~~~~~~~~[m[K
[01m[K/opt/ros/melodic/include/rosconsole/macros_generated.h:112:35:[m[K [01;36m[Knote: [m[Kin expansion of macro ‘[01m[KROS_LOG[m[K’
 #define ROS_INFO_NAMED(name, ...) [01;36m[KROS_LOG[m[K(::ros::console::levels::Info, std::string(ROSCONSOLE_NAME_PREFIX) + "." + name, __VA_ARGS__)
                                   [01;36m[K^~~~~~~[m[K
[01m[K/home/tianbot/chiang_xarm_ws/src/xarm_ros/my_xarm6/src/movegroup_test.cpp:111:3:[m[K [01;36m[Knote: [m[Kin expansion of macro ‘[01m[KROS_INFO_NAMED[m[K’
   [01;36m[KR[m[KOS_INFO_NAMED("mytest","go home %s",success?";failed");
   [01;36m[K^[m[K
[01m[K/opt/ros/melodic/include/ros/console.h:348:176:[m[K [01;31m[Kerror: [m[Kexpected primary-expression before ‘[01m[K)[m[K’ token
     ::ros::console::print(filter, __rosconsole_define_location__loc.logger_, __rosconsole_define_location__loc.level_, __FILE__, __LINE__, __ROSCONSOLE_FUNCTION__, __VA_ARGS__[01;31m[K)[m[K
                                                                                                                                                                                [01;31m[K^[m[K
[01m[K/opt/ros/melodic/include/ros/console.h:351:5:[m[K [01;36m[Knote: [m[Kin expansion of macro ‘[01m[KROSCONSOLE_PRINT_AT_LOCATION_WITH_FILTER[m[K’
     [01;36m[KROSCONSOLE_PRINT_AT_LOCATION_WITH_FILTER[m[K(NULL, __VA_ARGS__)
     [01;36m[K^~~~~~~~~~~~~~~~~~~~~~~~~~~~~~~~~~~~~~~~[m[K
[01m[K/opt/ros/melodic/include/ros/console.h:387:7:[m[K [01;36m[Knote: [m[Kin expansion of macro ‘[01m[KROSCONSOLE_PRINT_AT_LOCATION[m[K’
       [01;36m[KROSCONSOLE_PRINT_AT_LOCATION[m[K(__VA_ARGS__); \
       [01;36m[K^~~~~~~~~~~~~~~~~~~~~~~~~~~~[m[K
[01m[K/opt/ros/melodic/include/ros/console.h:572:35:[m[K [01;36m[Knote: [m[Kin expansion of macro ‘[01m[KROS_LOG_COND[m[K’
 #define ROS_LOG(level, name, ...) [01;36m[KROS_LOG_COND[m[K(true, level, name, __VA_ARGS__)
                                   [01;36m[K^~~~~~~~~~~~[m[K
[01m[K/opt/ros/melodic/include/rosconsole/macros_generated.h:112:35:[m[K [01;36m[Knote: [m[Kin expansion of macro ‘[01m[KROS_LOG[m[K’
 #define ROS_INFO_NAMED(name, ...) [01;36m[KROS_LOG[m[K(::ros::console::levels::Info, std::string(ROSCONSOLE_NAME_PREFIX) + "." + name, __VA_ARGS__)
                                   [01;36m[K^~~~~~~[m[K
[01m[K/home/tianbot/chiang_xarm_ws/src/xarm_ros/my_xarm6/src/movegroup_test.cpp:111:3:[m[K [01;36m[Knote: [m[Kin expansion of macro ‘[01m[KROS_INFO_NAMED[m[K’
   [01;36m[KR[m[KOS_INFO_NAMED("mytest","go home %s",success?";failed");
   [01;36m[K^[m[K
make[2]: *** [CMakeFiles/movegroup_test.dir/src/movegroup_test.cpp.o] Error 1
make[1]: *** [CMakeFiles/movegroup_test.dir/all] Error 2
make: *** [all] Error 2
