[01m[K/home/tianbot/chiang_xarm_ws/src/xarm_ros/my_xarm6/src/movegroup_test.cpp:[m[K In function ‘[01m[Kint main(int, char**)[m[K’:
[01m[K/home/tianbot/chiang_xarm_ws/src/xarm_ros/my_xarm6/src/movegroup_test.cpp:66:21:[m[K [01;31m[Kerror: [m[Kredeclaration of ‘[01m[Kgeometry_msgs::Pose target_pose1[m[K’
 geometry_msgs::Pose [01;31m[Ktarget_pose1[m[K;
                     [01;31m[K^~~~~~~~~~~~[m[K
[01m[K/home/tianbot/chiang_xarm_ws/src/xarm_ros/my_xarm6/src/movegroup_test.cpp:50:21:[m[K [01;36m[Knote: [m[K‘[01m[Kgeometry_msgs::Pose target_pose1[m[K’ previously declared here
 geometry_msgs::Pose [01;36m[Ktarget_pose1[m[K;
                     [01;36m[K^~~~~~~~~~~~[m[K
[01m[K/home/tianbot/chiang_xarm_ws/src/xarm_ros/my_xarm6/src/movegroup_test.cpp:73:54:[m[K [01;31m[Kerror: [m[Kredeclaration of ‘[01m[Kmoveit::planning_interface::MoveGroupInterface::Plan my_plan[m[K’
 moveit::planning_interface::MoveGroupInterface::Plan [01;31m[Kmy_plan[m[K;
                                                      [01;31m[K^~~~~~~[m[K
[01m[K/home/tianbot/chiang_xarm_ws/src/xarm_ros/my_xarm6/src/movegroup_test.cpp:57:54:[m[K [01;36m[Knote: [m[K‘[01m[Kmoveit::planning_interface::MoveGroupInterface::Plan my_plan[m[K’ previously declared here
 moveit::planning_interface::MoveGroupInterface::Plan [01;36m[Kmy_plan[m[K;
                                                      [01;36m[K^~~~~~~[m[K
[01m[K/home/tianbot/chiang_xarm_ws/src/xarm_ros/my_xarm6/src/movegroup_test.cpp:74:6:[m[K [01;31m[Kerror: [m[Kredeclaration of ‘[01m[Kbool success[m[K’
 bool [01;31m[Ksuccess[m[K=(move_group.plan(my_plan) == moveit::planning_interface::MoveItErrorCode::SUCCESS);
      [01;31m[K^~~~~~~[m[K
[01m[K/home/tianbot/chiang_xarm_ws/src/xarm_ros/my_xarm6/src/movegroup_test.cpp:58:6:[m[K [01;36m[Knote: [m[K‘[01m[Kbool success[m[K’ previously declared here
 bool [01;36m[Ksuccess[m[K=(move_group.plan(my_plan) == moveit::planning_interface::MoveItErrorCode::SUCCESS);
      [01;36m[K^~~~~~~[m[K
[01m[K/home/tianbot/chiang_xarm_ws/src/xarm_ros/my_xarm6/src/movegroup_test.cpp:82:21:[m[K [01;31m[Kerror: [m[Kredeclaration of ‘[01m[Kgeometry_msgs::Pose target_pose1[m[K’
 geometry_msgs::Pose [01;31m[Ktarget_pose1[m[K;
                     [01;31m[K^~~~~~~~~~~~[m[K
[01m[K/home/tianbot/chiang_xarm_ws/src/xarm_ros/my_xarm6/src/movegroup_test.cpp:50:21:[m[K [01;36m[Knote: [m[K‘[01m[Kgeometry_msgs::Pose target_pose1[m[K’ previously declared here
 geometry_msgs::Pose [01;36m[Ktarget_pose1[m[K;
                     [01;36m[K^~~~~~~~~~~~[m[K
[01m[K/home/tianbot/chiang_xarm_ws/src/xarm_ros/my_xarm6/src/movegroup_test.cpp:89:54:[m[K [01;31m[Kerror: [m[Kredeclaration of ‘[01m[Kmoveit::planning_interface::MoveGroupInterface::Plan my_plan[m[K’
 moveit::planning_interface::MoveGroupInterface::Plan [01;31m[Kmy_plan[m[K;
                                                      [01;31m[K^~~~~~~[m[K
[01m[K/home/tianbot/chiang_xarm_ws/src/xarm_ros/my_xarm6/src/movegroup_test.cpp:57:54:[m[K [01;36m[Knote: [m[K‘[01m[Kmoveit::planning_interface::MoveGroupInterface::Plan my_plan[m[K’ previously declared here
 moveit::planning_interface::MoveGroupInterface::Plan [01;36m[Kmy_plan[m[K;
                                                      [01;36m[K^~~~~~~[m[K
[01m[K/home/tianbot/chiang_xarm_ws/src/xarm_ros/my_xarm6/src/movegroup_test.cpp:90:6:[m[K [01;31m[Kerror: [m[Kredeclaration of ‘[01m[Kbool success[m[K’
 bool [01;31m[Ksuccess[m[K=(move_group.plan(my_plan) == moveit::planning_interface::MoveItErrorCode::SUCCESS);
      [01;31m[K^~~~~~~[m[K
[01m[K/home/tianbot/chiang_xarm_ws/src/xarm_ros/my_xarm6/src/movegroup_test.cpp:58:6:[m[K [01;36m[Knote: [m[K‘[01m[Kbool success[m[K’ previously declared here
 bool [01;36m[Ksuccess[m[K=(move_group.plan(my_plan) == moveit::planning_interface::MoveItErrorCode::SUCCESS);
      [01;36m[K^~~~~~~[m[K
make[2]: *** [CMakeFiles/movegroup_test.dir/src/movegroup_test.cpp.o] Error 1
make[1]: *** [CMakeFiles/movegroup_test.dir/all] Error 2
make: *** [all] Error 2
