Determining if the pthread_create exist failed with the following output:
Change Dir: /home/tianbot/chiang_xarm_ws/build/xarm_device/CMakeFiles/CMakeTmp

Run Build Command:"/usr/bin/make" "cmTC_61f59/fast"
/usr/bin/make -f CMakeFiles/cmTC_61f59.dir/build.make CMakeFiles/cmTC_61f59.dir/build
make[1]: 进入目录“/home/tianbot/chiang_xarm_ws/build/xarm_device/CMakeFiles/CMakeTmp”
Building C object CMakeFiles/cmTC_61f59.dir/CheckSymbolExists.c.o
/usr/bin/cc    -o CMakeFiles/cmTC_61f59.dir/CheckSymbolExists.c.o   -c /home/tianbot/chiang_xarm_ws/build/xarm_device/CMakeFiles/CMakeTmp/CheckSymbolExists.c
Linking C executable cmTC_61f59
/usr/bin/cmake -E cmake_link_script CMakeFiles/cmTC_61f59.dir/link.txt --verbose=1
/usr/bin/cc      -rdynamic CMakeFiles/cmTC_61f59.dir/CheckSymbolExists.c.o  -o cmTC_61f59 
CMakeFiles/cmTC_61f59.dir/CheckSymbolExists.c.o：在函数‘main’中：
CheckSymbolExists.c:(.text+0x1b)：对‘pthread_create’未定义的引用
collect2: error: ld returned 1 exit status
CMakeFiles/cmTC_61f59.dir/build.make:97: recipe for target 'cmTC_61f59' failed
make[1]: *** [cmTC_61f59] Error 1
make[1]: 离开目录“/home/tianbot/chiang_xarm_ws/build/xarm_device/CMakeFiles/CMakeTmp”
Makefile:126: recipe for target 'cmTC_61f59/fast' failed
make: *** [cmTC_61f59/fast] Error 2

File /home/tianbot/chiang_xarm_ws/build/xarm_device/CMakeFiles/CMakeTmp/CheckSymbolExists.c:
/* */
#include <pthread.h>

int main(int argc, char** argv)
{
  (void)argv;
#ifndef pthread_create
  return ((int*)(&pthread_create))[argc];
#else
  (void)argc;
  return 0;
#endif
}

Determining if the function pthread_create exists in the pthreads failed with the following output:
Change Dir: /home/tianbot/chiang_xarm_ws/build/xarm_device/CMakeFiles/CMakeTmp

Run Build Command:"/usr/bin/make" "cmTC_59ea6/fast"
/usr/bin/make -f CMakeFiles/cmTC_59ea6.dir/build.make CMakeFiles/cmTC_59ea6.dir/build
make[1]: 进入目录“/home/tianbot/chiang_xarm_ws/build/xarm_device/CMakeFiles/CMakeTmp”
Building C object CMakeFiles/cmTC_59ea6.dir/CheckFunctionExists.c.o
/usr/bin/cc   -DCHECK_FUNCTION_EXISTS=pthread_create   -o CMakeFiles/cmTC_59ea6.dir/CheckFunctionExists.c.o   -c /usr/share/cmake-3.10/Modules/CheckFunctionExists.c
Linking C executable cmTC_59ea6
/usr/bin/cmake -E cmake_link_script CMakeFiles/cmTC_59ea6.dir/link.txt --verbose=1
/usr/bin/cc  -DCHECK_FUNCTION_EXISTS=pthread_create    -rdynamic CMakeFiles/cmTC_59ea6.dir/CheckFunctionExists.c.o  -o cmTC_59ea6 -lpthreads 
/usr/bin/ld: 找不到 -lpthreads
collect2: error: ld returned 1 exit status
CMakeFiles/cmTC_59ea6.dir/build.make:97: recipe for target 'cmTC_59ea6' failed
make[1]: *** [cmTC_59ea6] Error 1
make[1]: 离开目录“/home/tianbot/chiang_xarm_ws/build/xarm_device/CMakeFiles/CMakeTmp”
Makefile:126: recipe for target 'cmTC_59ea6/fast' failed
make: *** [cmTC_59ea6/fast] Error 2


