Determining if the pthread_create exist failed with the following output:
Change Dir: /home/tianbot/chiang_xarm_ws/build/xarm6_gripper_moveit_config/CMakeFiles/CMakeTmp

Run Build Command:"/usr/bin/make" "cmTC_73f31/fast"
/usr/bin/make -f CMakeFiles/cmTC_73f31.dir/build.make CMakeFiles/cmTC_73f31.dir/build
make[1]: 进入目录“/home/tianbot/chiang_xarm_ws/build/xarm6_gripper_moveit_config/CMakeFiles/CMakeTmp”
Building C object CMakeFiles/cmTC_73f31.dir/CheckSymbolExists.c.o
/usr/bin/cc    -o CMakeFiles/cmTC_73f31.dir/CheckSymbolExists.c.o   -c /home/tianbot/chiang_xarm_ws/build/xarm6_gripper_moveit_config/CMakeFiles/CMakeTmp/CheckSymbolExists.c
Linking C executable cmTC_73f31
/usr/bin/cmake -E cmake_link_script CMakeFiles/cmTC_73f31.dir/link.txt --verbose=1
/usr/bin/cc      -rdynamic CMakeFiles/cmTC_73f31.dir/CheckSymbolExists.c.o  -o cmTC_73f31 
CMakeFiles/cmTC_73f31.dir/CheckSymbolExists.c.o：在函数‘main’中：
CheckSymbolExists.c:(.text+0x1b)：对‘pthread_create’未定义的引用
collect2: error: ld returned 1 exit status
CMakeFiles/cmTC_73f31.dir/build.make:97: recipe for target 'cmTC_73f31' failed
make[1]: *** [cmTC_73f31] Error 1
make[1]: 离开目录“/home/tianbot/chiang_xarm_ws/build/xarm6_gripper_moveit_config/CMakeFiles/CMakeTmp”
Makefile:126: recipe for target 'cmTC_73f31/fast' failed
make: *** [cmTC_73f31/fast] Error 2

File /home/tianbot/chiang_xarm_ws/build/xarm6_gripper_moveit_config/CMakeFiles/CMakeTmp/CheckSymbolExists.c:
/* */
#include <pthread.h>

int main(int argc, char** argv)
{
  (void)argv;
#ifndef pthread_create
  return ((int*)(&pthread_create))[argc];
#else
  (void)argc;
  return 0;
#endif
}

Determining if the function pthread_create exists in the pthreads failed with the following output:
Change Dir: /home/tianbot/chiang_xarm_ws/build/xarm6_gripper_moveit_config/CMakeFiles/CMakeTmp

Run Build Command:"/usr/bin/make" "cmTC_a8a0e/fast"
/usr/bin/make -f CMakeFiles/cmTC_a8a0e.dir/build.make CMakeFiles/cmTC_a8a0e.dir/build
make[1]: 进入目录“/home/tianbot/chiang_xarm_ws/build/xarm6_gripper_moveit_config/CMakeFiles/CMakeTmp”
Building C object CMakeFiles/cmTC_a8a0e.dir/CheckFunctionExists.c.o
/usr/bin/cc   -DCHECK_FUNCTION_EXISTS=pthread_create   -o CMakeFiles/cmTC_a8a0e.dir/CheckFunctionExists.c.o   -c /usr/share/cmake-3.10/Modules/CheckFunctionExists.c
Linking C executable cmTC_a8a0e
/usr/bin/cmake -E cmake_link_script CMakeFiles/cmTC_a8a0e.dir/link.txt --verbose=1
/usr/bin/cc  -DCHECK_FUNCTION_EXISTS=pthread_create    -rdynamic CMakeFiles/cmTC_a8a0e.dir/CheckFunctionExists.c.o  -o cmTC_a8a0e -lpthreads 
/usr/bin/ld: 找不到 -lpthreads
collect2: error: ld returned 1 exit status
CMakeFiles/cmTC_a8a0e.dir/build.make:97: recipe for target 'cmTC_a8a0e' failed
make[1]: *** [cmTC_a8a0e] Error 1
make[1]: 离开目录“/home/tianbot/chiang_xarm_ws/build/xarm6_gripper_moveit_config/CMakeFiles/CMakeTmp”
Makefile:126: recipe for target 'cmTC_a8a0e/fast' failed
make: *** [cmTC_a8a0e/fast] Error 2


