Determining if the pthread_create exist failed with the following output:
Change Dir: /home/tianbot/chiang_xarm_ws/build/xarm6_vacuum_gripper_moveit_config/CMakeFiles/CMakeTmp

Run Build Command:"/usr/bin/make" "cmTC_cb36a/fast"
/usr/bin/make -f CMakeFiles/cmTC_cb36a.dir/build.make CMakeFiles/cmTC_cb36a.dir/build
make[1]: 进入目录“/home/tianbot/chiang_xarm_ws/build/xarm6_vacuum_gripper_moveit_config/CMakeFiles/CMakeTmp”
Building C object CMakeFiles/cmTC_cb36a.dir/CheckSymbolExists.c.o
/usr/bin/cc    -o CMakeFiles/cmTC_cb36a.dir/CheckSymbolExists.c.o   -c /home/tianbot/chiang_xarm_ws/build/xarm6_vacuum_gripper_moveit_config/CMakeFiles/CMakeTmp/CheckSymbolExists.c
Linking C executable cmTC_cb36a
/usr/bin/cmake -E cmake_link_script CMakeFiles/cmTC_cb36a.dir/link.txt --verbose=1
/usr/bin/cc      -rdynamic CMakeFiles/cmTC_cb36a.dir/CheckSymbolExists.c.o  -o cmTC_cb36a 
CMakeFiles/cmTC_cb36a.dir/CheckSymbolExists.c.o：在函数‘main’中：
CheckSymbolExists.c:(.text+0x1b)：对‘pthread_create’未定义的引用
collect2: error: ld returned 1 exit status
CMakeFiles/cmTC_cb36a.dir/build.make:97: recipe for target 'cmTC_cb36a' failed
make[1]: *** [cmTC_cb36a] Error 1
make[1]: 离开目录“/home/tianbot/chiang_xarm_ws/build/xarm6_vacuum_gripper_moveit_config/CMakeFiles/CMakeTmp”
Makefile:126: recipe for target 'cmTC_cb36a/fast' failed
make: *** [cmTC_cb36a/fast] Error 2

File /home/tianbot/chiang_xarm_ws/build/xarm6_vacuum_gripper_moveit_config/CMakeFiles/CMakeTmp/CheckSymbolExists.c:
/* */
#include <pthread.h>

int main(int argc, char** argv)
{
  (void)argv;
#ifndef pthread_create
  return ((int*)(&pthread_create))[argc];
#else
  (void)argc;
  return 0;
#endif
}

Determining if the function pthread_create exists in the pthreads failed with the following output:
Change Dir: /home/tianbot/chiang_xarm_ws/build/xarm6_vacuum_gripper_moveit_config/CMakeFiles/CMakeTmp

Run Build Command:"/usr/bin/make" "cmTC_d935b/fast"
/usr/bin/make -f CMakeFiles/cmTC_d935b.dir/build.make CMakeFiles/cmTC_d935b.dir/build
make[1]: 进入目录“/home/tianbot/chiang_xarm_ws/build/xarm6_vacuum_gripper_moveit_config/CMakeFiles/CMakeTmp”
Building C object CMakeFiles/cmTC_d935b.dir/CheckFunctionExists.c.o
/usr/bin/cc   -DCHECK_FUNCTION_EXISTS=pthread_create   -o CMakeFiles/cmTC_d935b.dir/CheckFunctionExists.c.o   -c /usr/share/cmake-3.10/Modules/CheckFunctionExists.c
Linking C executable cmTC_d935b
/usr/bin/cmake -E cmake_link_script CMakeFiles/cmTC_d935b.dir/link.txt --verbose=1
/usr/bin/cc  -DCHECK_FUNCTION_EXISTS=pthread_create    -rdynamic CMakeFiles/cmTC_d935b.dir/CheckFunctionExists.c.o  -o cmTC_d935b -lpthreads 
/usr/bin/ld: 找不到 -lpthreads
collect2: error: ld returned 1 exit status
CMakeFiles/cmTC_d935b.dir/build.make:97: recipe for target 'cmTC_d935b' failed
make[1]: *** [cmTC_d935b] Error 1
make[1]: 离开目录“/home/tianbot/chiang_xarm_ws/build/xarm6_vacuum_gripper_moveit_config/CMakeFiles/CMakeTmp”
Makefile:126: recipe for target 'cmTC_d935b/fast' failed
make: *** [cmTC_d935b/fast] Error 2


