Determining if the pthread_create exist failed with the following output:
Change Dir: /home/tianbot/chiang_xarm_ws/build/xarm7_gripper_moveit_config/CMakeFiles/CMakeTmp

Run Build Command:"/usr/bin/make" "cmTC_193d3/fast"
/usr/bin/make -f CMakeFiles/cmTC_193d3.dir/build.make CMakeFiles/cmTC_193d3.dir/build
make[1]: 进入目录“/home/tianbot/chiang_xarm_ws/build/xarm7_gripper_moveit_config/CMakeFiles/CMakeTmp”
Building C object CMakeFiles/cmTC_193d3.dir/CheckSymbolExists.c.o
/usr/bin/cc    -o CMakeFiles/cmTC_193d3.dir/CheckSymbolExists.c.o   -c /home/tianbot/chiang_xarm_ws/build/xarm7_gripper_moveit_config/CMakeFiles/CMakeTmp/CheckSymbolExists.c
Linking C executable cmTC_193d3
/usr/bin/cmake -E cmake_link_script CMakeFiles/cmTC_193d3.dir/link.txt --verbose=1
/usr/bin/cc      -rdynamic CMakeFiles/cmTC_193d3.dir/CheckSymbolExists.c.o  -o cmTC_193d3 
CMakeFiles/cmTC_193d3.dir/CheckSymbolExists.c.o：在函数‘main’中：
CheckSymbolExists.c:(.text+0x1b)：对‘pthread_create’未定义的引用
collect2: error: ld returned 1 exit status
CMakeFiles/cmTC_193d3.dir/build.make:97: recipe for target 'cmTC_193d3' failed
make[1]: *** [cmTC_193d3] Error 1
make[1]: 离开目录“/home/tianbot/chiang_xarm_ws/build/xarm7_gripper_moveit_config/CMakeFiles/CMakeTmp”
Makefile:126: recipe for target 'cmTC_193d3/fast' failed
make: *** [cmTC_193d3/fast] Error 2

File /home/tianbot/chiang_xarm_ws/build/xarm7_gripper_moveit_config/CMakeFiles/CMakeTmp/CheckSymbolExists.c:
/* */
#include <pthread.h>

int main(int argc, char** argv)
{
  (void)argv;
#ifndef pthread_create
  return ((int*)(&pthread_create))[argc];
#else
  (void)argc;
  return 0;
#endif
}

Determining if the function pthread_create exists in the pthreads failed with the following output:
Change Dir: /home/tianbot/chiang_xarm_ws/build/xarm7_gripper_moveit_config/CMakeFiles/CMakeTmp

Run Build Command:"/usr/bin/make" "cmTC_ca991/fast"
/usr/bin/make -f CMakeFiles/cmTC_ca991.dir/build.make CMakeFiles/cmTC_ca991.dir/build
make[1]: 进入目录“/home/tianbot/chiang_xarm_ws/build/xarm7_gripper_moveit_config/CMakeFiles/CMakeTmp”
Building C object CMakeFiles/cmTC_ca991.dir/CheckFunctionExists.c.o
/usr/bin/cc   -DCHECK_FUNCTION_EXISTS=pthread_create   -o CMakeFiles/cmTC_ca991.dir/CheckFunctionExists.c.o   -c /usr/share/cmake-3.10/Modules/CheckFunctionExists.c
Linking C executable cmTC_ca991
/usr/bin/cmake -E cmake_link_script CMakeFiles/cmTC_ca991.dir/link.txt --verbose=1
/usr/bin/cc  -DCHECK_FUNCTION_EXISTS=pthread_create    -rdynamic CMakeFiles/cmTC_ca991.dir/CheckFunctionExists.c.o  -o cmTC_ca991 -lpthreads 
/usr/bin/ld: 找不到 -lpthreads
collect2: error: ld returned 1 exit status
CMakeFiles/cmTC_ca991.dir/build.make:97: recipe for target 'cmTC_ca991' failed
make[1]: *** [cmTC_ca991] Error 1
make[1]: 离开目录“/home/tianbot/chiang_xarm_ws/build/xarm7_gripper_moveit_config/CMakeFiles/CMakeTmp”
Makefile:126: recipe for target 'cmTC_ca991/fast' failed
make: *** [cmTC_ca991/fast] Error 2


