Determining if the pthread_create exist failed with the following output:
Change Dir: /home/tianbot/chiang_xarm_ws/build/xarm7_moveit_config/CMakeFiles/CMakeTmp

Run Build Command:"/usr/bin/make" "cmTC_6e59c/fast"
/usr/bin/make -f CMakeFiles/cmTC_6e59c.dir/build.make CMakeFiles/cmTC_6e59c.dir/build
make[1]: 进入目录“/home/tianbot/chiang_xarm_ws/build/xarm7_moveit_config/CMakeFiles/CMakeTmp”
Building C object CMakeFiles/cmTC_6e59c.dir/CheckSymbolExists.c.o
/usr/bin/cc    -o CMakeFiles/cmTC_6e59c.dir/CheckSymbolExists.c.o   -c /home/tianbot/chiang_xarm_ws/build/xarm7_moveit_config/CMakeFiles/CMakeTmp/CheckSymbolExists.c
Linking C executable cmTC_6e59c
/usr/bin/cmake -E cmake_link_script CMakeFiles/cmTC_6e59c.dir/link.txt --verbose=1
/usr/bin/cc      -rdynamic CMakeFiles/cmTC_6e59c.dir/CheckSymbolExists.c.o  -o cmTC_6e59c 
CMakeFiles/cmTC_6e59c.dir/CheckSymbolExists.c.o：在函数‘main’中：
CheckSymbolExists.c:(.text+0x1b)：对‘pthread_create’未定义的引用
collect2: error: ld returned 1 exit status
CMakeFiles/cmTC_6e59c.dir/build.make:97: recipe for target 'cmTC_6e59c' failed
make[1]: *** [cmTC_6e59c] Error 1
make[1]: 离开目录“/home/tianbot/chiang_xarm_ws/build/xarm7_moveit_config/CMakeFiles/CMakeTmp”
Makefile:126: recipe for target 'cmTC_6e59c/fast' failed
make: *** [cmTC_6e59c/fast] Error 2

File /home/tianbot/chiang_xarm_ws/build/xarm7_moveit_config/CMakeFiles/CMakeTmp/CheckSymbolExists.c:
/* */
#include <pthread.h>

int main(int argc, char** argv)
{
  (void)argv;
#ifndef pthread_create
  return ((int*)(&pthread_create))[argc];
#else
  (void)argc;
  return 0;
#endif
}

Determining if the function pthread_create exists in the pthreads failed with the following output:
Change Dir: /home/tianbot/chiang_xarm_ws/build/xarm7_moveit_config/CMakeFiles/CMakeTmp

Run Build Command:"/usr/bin/make" "cmTC_75512/fast"
/usr/bin/make -f CMakeFiles/cmTC_75512.dir/build.make CMakeFiles/cmTC_75512.dir/build
make[1]: 进入目录“/home/tianbot/chiang_xarm_ws/build/xarm7_moveit_config/CMakeFiles/CMakeTmp”
Building C object CMakeFiles/cmTC_75512.dir/CheckFunctionExists.c.o
/usr/bin/cc   -DCHECK_FUNCTION_EXISTS=pthread_create   -o CMakeFiles/cmTC_75512.dir/CheckFunctionExists.c.o   -c /usr/share/cmake-3.10/Modules/CheckFunctionExists.c
Linking C executable cmTC_75512
/usr/bin/cmake -E cmake_link_script CMakeFiles/cmTC_75512.dir/link.txt --verbose=1
/usr/bin/cc  -DCHECK_FUNCTION_EXISTS=pthread_create    -rdynamic CMakeFiles/cmTC_75512.dir/CheckFunctionExists.c.o  -o cmTC_75512 -lpthreads 
/usr/bin/ld: 找不到 -lpthreads
collect2: error: ld returned 1 exit status
CMakeFiles/cmTC_75512.dir/build.make:97: recipe for target 'cmTC_75512' failed
make[1]: *** [cmTC_75512] Error 1
make[1]: 离开目录“/home/tianbot/chiang_xarm_ws/build/xarm7_moveit_config/CMakeFiles/CMakeTmp”
Makefile:126: recipe for target 'cmTC_75512/fast' failed
make: *** [cmTC_75512/fast] Error 2


